***** Section <default> *****
Stats: size=623  blocks=623  symbols=50  literals=13  relocations=0
Blocks
    name        start   size  #ins #dir #sto
    <default>   00000  0026F   130   33    1
Symbols
    name                  hex       dec  scope     kind      type      description
    *0                 000248       584  local     relative  data      label
    *1                 00024B       587  local     relative  data      label
    *10                000266       614  local     relative  data      label
    *11                000269       617  local     relative  data      label
    *12                00026C       620  local     relative  data      label
    *2                 00024E       590  local     relative  data      label
    *3                 000251       593  local     relative  data      label
    *4                 000254       596  local     relative  data      label
    *5                 000257       599  local     relative  data      label
    *6                 00025A       602  local     relative  data      label
    *7                 00025D       605  local     relative  data      label
    *8                 000260       608  local     relative  data      label
    *9                 000263       611  local     relative  data      label
    calc               00009E       158  local     relative  code      label
    calendloop         0000D3       211  local     relative  code      label
    calloop            0000B9       185  local     relative  code      label
    drawCoord          00012D       301  local     relative  code      label
    drawCoordLoop1     000135       309  local     relative  code      label
    drawCoordLoop2     000152       338  local     relative  code      label
    drawPoint          0000EE       238  local     relative  code      label
    drawPointEnd       000127       295  local     relative  code      label
    endPrepTermsLoop   00007B       123  local     relative  code      label
    halt               000021        33  local     relative  code      label
    loop               00000C        12  local     relative  code      label
    p                  000000         0  exported  relative  code      label
    polyNext           0000EB       235  local     relative  data      label
    polycons           000036        54  local     relative  data      label
    polyend            000039        57  local     absolute  notlabel  *
    polynom            00002A        42  local     relative  data      label
    polytmp            0000E8       232  local     relative  data      label
    pow                000084       132  local     relative  code      label
    powVar             000098       152  local     relative  data      label
    powloop            00008C       140  local     relative  code      label
    pp                 000000         0  local     relative  code      label
    prepTermsLoop      00005D        93  local     relative  code      label
    prepareTerms       000039        57  local     relative  code      label
    quotx              00009B       155  local     relative  data      label
    screen             00016A       362  local     relative  data      label
    screenend          00016D       365  local     relative  data      label
    scrpos             000176       374  local     relative  data      label
    stack              0001B2       434  local     relative  data      label
    stackinit          000179       377  local     relative  code      label
    stackpop           00019A       410  local     relative  code      label
    stackptr           0001AF       431  local     relative  data      label
    stackpush          000188       392  local     relative  code      label
    stacktmp           0001AC       428  local     relative  data      label
    x                  000170       368  local     relative  data      label
    xscale             000027        39  local     relative  data      label
    y                  000173       371  local     relative  data      label
    yscale             000024        36  local     relative  data      label
Literals
    label   definition
    *0      WORD -40
    *1      WORD 40
    *2      WORD 1
    *3      WORD 3
    *4      WORD -1
    *5      WORD 12
    *6      WORD 80
    *7      WORD 42
    *8      WORD 39
    *9      WORD 124
    *10     WORD 25
    *11     WORD 961
    *12     WORD 45
Relocations
    address length flag symbol
